3/24/2013 12:39:47 PM	This log contains information about the import schema operation into project 'PhoneLogDB' on computer 'FRODO-WIN7' by user 'Richard'.
3/24/2013 12:39:47 PM	Import of database schema has started.
3/24/2013 12:39:53 PM	Gathering database options
3/24/2013 12:39:53 PM	Gathering users
3/24/2013 12:39:53 PM	Gathering roles
3/24/2013 12:39:53 PM	Gathering application roles
3/24/2013 12:39:53 PM	Gathering role memberships
3/24/2013 12:39:53 PM	Gathering filegroups
3/24/2013 12:39:53 PM	Gathering full-text catalogs
3/24/2013 12:39:53 PM	Gathering assemblies
3/24/2013 12:39:53 PM	Gathering certificates
3/24/2013 12:39:53 PM	Gathering asymmetric keys
3/24/2013 12:39:53 PM	Gathering symmetric keys
3/24/2013 12:39:53 PM	Gathering encrypted symmetric keys
3/24/2013 12:39:53 PM	Gathering schemas
3/24/2013 12:39:53 PM	Gathering XML schema collections
3/24/2013 12:39:53 PM	Gathering user-defined data types
3/24/2013 12:39:53 PM	Gathering user-defined types
3/24/2013 12:39:53 PM	Gathering table types
3/24/2013 12:39:53 PM	Gathering unique keys for table types
3/24/2013 12:39:53 PM	Gathering primary keys for table types
3/24/2013 12:39:53 PM	Gathering check constraints for table types
3/24/2013 12:39:53 PM	Gathering default constraints for table types
3/24/2013 12:39:53 PM	Gathering partition functions
3/24/2013 12:39:53 PM	Gathering partition schemes
3/24/2013 12:39:53 PM	Gathering functions
3/24/2013 12:39:53 PM	Gathering encrypted functions
3/24/2013 12:39:53 PM	Gathering aggregates
3/24/2013 12:39:53 PM	Gathering procedures
3/24/2013 12:39:53 PM	Gathering encrypted procedures
3/24/2013 12:39:53 PM	Gathering tables
3/24/2013 12:39:53 PM	Gathering primary keys
3/24/2013 12:39:53 PM	Gathering unique constraints
3/24/2013 12:39:53 PM	Gathering foreign keys
3/24/2013 12:39:53 PM	Gathering default constraints
3/24/2013 12:39:53 PM	Gathering check constraints
3/24/2013 12:39:53 PM	Gathering views
3/24/2013 12:39:53 PM	Gathering encrypted views
3/24/2013 12:39:53 PM	Gathering indexes
3/24/2013 12:39:53 PM	Gathering statistics
3/24/2013 12:39:53 PM	Gathering full-text index stoplists
3/24/2013 12:39:53 PM	Gathering search property lists
3/24/2013 12:39:53 PM	Gathering search properties
3/24/2013 12:39:53 PM	Gathering full-text indexes
3/24/2013 12:39:53 PM	Gathering column store indexes
3/24/2013 12:39:53 PM	Gathering spatial indexes
3/24/2013 12:39:53 PM	Gathering XML indexes
3/24/2013 12:39:54 PM	Gathering encrypted triggers
3/24/2013 12:39:54 PM	Gathering triggers
3/24/2013 12:39:54 PM	Gathering encrypted and clr ddl triggers
3/24/2013 12:39:54 PM	Gathering ddl triggers
3/24/2013 12:39:54 PM	Gathering synonyms
3/24/2013 12:39:54 PM	Gathering defaults
3/24/2013 12:39:54 PM	Gathering data constraint uddt bindings
3/24/2013 12:39:54 PM	Gathering rules
3/24/2013 12:39:54 PM	Gathering data constraint uddt bindings
3/24/2013 12:39:54 PM	Gathering message types
3/24/2013 12:39:54 PM	Gathering queues
3/24/2013 12:39:54 PM	Gathering contracts
3/24/2013 12:39:54 PM	Gathering services
3/24/2013 12:39:54 PM	Gathering event notifications
3/24/2013 12:39:54 PM	Gathering remote service bindings
3/24/2013 12:39:54 PM	Gathering broker priorities
3/24/2013 12:39:54 PM	Gathering signatures
3/24/2013 12:39:54 PM	Gathering data compression options
3/24/2013 12:39:54 PM	Gathering sequence types
3/24/2013 12:39:54 PM	Gathering extended properties
3/24/2013 12:39:54 PM	Gathering credentials
3/24/2013 12:39:54 PM	Gathering logins
3/24/2013 12:39:54 PM	Gathering server audits
3/24/2013 12:39:54 PM	Scanning project for duplicate elements
3/24/2013 12:39:54 PM	Finished duplicate element processing
3/24/2013 12:39:54 PM	Finished importing database.
3/24/2013 12:39:54 PM	A summary of the import was saved to the following location: C:\Users\Richard\Documents\GitHub\RosedalePhoneLog\PhoneLog\PhoneLogDB\Import Schema Logs\PhoneLogDB_20130324053947.log
3/24/2013 12:39:55 PM	Click Finish to continue...
